
====================================
            Glide Script            
====================================

[running at reduced cpu priority]
--------------------------------------------------------------------------------
JobId          : lab-trzask3-0-65a6e216
Name           : glide-dock_SP_1
Program        : Glide
MMshareExec    : /opt/schrodinger2017-1/mmshare-v3.7/bin/Linux-x86_64
Host           : lab-trzask3.cent1.uw.edu.pl
Dir            : /home/users/mnguyen/ipz/7rdx_docking/glide-dock_SP_1
HostEntry      : localhost
JobHost        : lab-trzask3.cent1.uw.edu.pl
JobDir         : /usr/tmp/mnguyen/glide-dock_SP_1
JobMMshareExec : /opt/schrodinger2017-1/mmshare-v3.7/bin/Linux-x86_64
Commandline    : /opt/schrodinger2017-1/glide glide-dock_SP_1.in -OVERWRITE -NJOBS 1 -HOST localhost:12 -PROJ /home/users/mnguyen/.schrodinger/tmp/tproj70575a29535 -DISP append -VIEWNAME glide_docking_gui.DockingPanel -TMPLAUNCHDIR -ATTACHED
StartTime      : 2024-01-16-21:07:50
--------------------------------------------------------------------------------

Running locally: False
Max retries: 2
Input file: glide-dock_SP_1.in

Setting up docking job
Separating ligands...
.                                                       1138
Number of structures that are to be docked: 1138
Setting up Glide docking jobs...

Running subjobs on hosts:
  localhost (Max: 12)
Number of jobs:       1
Max retries per job:  2
Max allowed failures: unlimited
Run with -LOCAL:      False
Verbosity:            normal

Starting JobDJ...

Keep one job on driver host: False
JobDJ columns:
  C: Number of completed subjobs
  A: Number of active subjobs (e.g., submitted, running)
  W: Number of waiting/pending subjobs

C A W | Activity  JobId  JobName  JobHost
- - - | --------- -----------------------
0 1 0 | launched  lab-trzask3-0-65a6e21a glide-dock_SP_1-0001 localhost [lab-trzask3]
1 0 0 | finished  lab-trzask3-0-65a6e21a glide-dock_SP_1-0001 localhost [lab-trzask3]

All jobs have completed.

1 of 1 job(s) succeeded; 0 job(s) failed.

All jobs succeeded: 1138 ligands done.
Writing poses to glide-dock_SP_1_pv.maegz
Combining log files to glide-dock_SP_1_subjobs.log
Archiving subjob pose files in glide-dock_SP_1_subjob_poses.zip
Archiving subjob input and log files in glide-dock_SP_1_subjobs.tar.gz
Cleaning up...

All Glide docking subjobs: Total CPU time = 12861 seconds (3 h 34 min 21 s)

Finished at: Wed Jan 17 00:42:32 2024
Total elapsed time for Glide script = 12881 seconds (3 h 34 min 41 s)
